<?xml version="1.0" encoding="UTF-8"?>
<testng-results ignored="0" total="2" passed="2" failed="0" skipped="0">
  <reporter-output>
  </reporter-output>
  <suite started-at="2024-04-03T23:43:04 PDT" name="Default suite" finished-at="2024-04-03T23:43:16 PDT" duration-ms="12329">
    <groups>
    </groups>
    <test started-at="2024-04-03T23:43:04 PDT" name="Default test" finished-at="2024-04-03T23:43:16 PDT" duration-ms="12329">
      <class name="com.allianz.test.LoginUITest">
        <test-method signature="applicationDescriptionTest()[pri:0, instance:com.allianz.test.LoginUITest@27462a88]" started-at="2024-04-03T23:43:04 PDT" name="applicationDescriptionTest" finished-at="2024-04-03T23:43:10 PDT" duration-ms="6650" status="PASS">
          <reporter-output>
          </reporter-output>
        </test-method> <!-- applicationDescriptionTest -->
        <test-method signature="titleTest()[pri:0, instance:com.allianz.test.LoginUITest@27462a88]" started-at="2024-04-03T23:43:10 PDT" name="titleTest" finished-at="2024-04-03T23:43:16 PDT" duration-ms="5618" status="PASS">
          <reporter-output>
          </reporter-output>
        </test-method> <!-- titleTest -->
      </class> <!-- com.allianz.test.LoginUITest -->
    </test> <!-- Default test -->
  </suite> <!-- Default suite -->
</testng-results>
